[    0.000000] Initializing cgroup subsys cpuset
[    0.000000] Initializing cgroup subsys cpu
[    0.000000] Initializing cgroup subsys cpuacct
[    0.000000] Linux version 4.4.0-83-generic (buildd@lgw01-29) (gcc version 5.4.0 20160609 (Ubuntu 5.4.0-6ubuntu1~16.04.4) ) #106-Ubuntu SMP Mon Jun 26 17:54:43 UTC 2017 (Ubuntu 4.4.0-83.106-generic 4.4.70)
[    0.000000] Command line: BOOT_IMAGE=/boot/vmlinuz-4.4.0-83-generic root=LABEL=cloudimg-rootfs ro console=tty1 console=ttyS0
[    0.000000] KERNEL supported cpus:
[    0.000000]   Intel GenuineIntel
[    0.000000]   AMD AuthenticAMD
[    0.000000]   Centaur CentaurHauls
[    0.000000] x86/fpu: xstate_offset[2]:  576, xstate_sizes[2]:  256
[    0.000000] x86/fpu: Supporting XSAVE feature 0x01: 'x87 floating point registers'
[    0.000000] x86/fpu: Supporting XSAVE feature 0x02: 'SSE registers'
[    0.000000] x86/fpu: Supporting XSAVE feature 0x04: 'AVX registers'
[    0.000000] x86/fpu: Enabled xstate features 0x7, context size is 832 bytes, using 'standard' format.
[    0.000000] x86/fpu: Using 'lazy' FPU context switches.
[    0.000000] e820: BIOS-provided physical RAM map:
[    0.000000] BIOS-e820: [mem 0x0000000000000000-0x000000000009fbff] usable
[    0.000000] BIOS-e820: [mem 0x000000000009fc00-0x000000000009ffff] reserved
[    0.000000] BIOS-e820: [mem 0x00000000000f0000-0x00000000000fffff] reserved
[    0.000000] BIOS-e820: [mem 0x0000000000100000-0x000000003ffeffff] usable
[    0.000000] BIOS-e820: [mem 0x000000003fff0000-0x000000003fffffff] ACPI data
[    0.000000] BIOS-e820: [mem 0x00000000fec00000-0x00000000fec00fff] reserved
[    0.000000] BIOS-e820: [mem 0x00000000fee00000-0x00000000fee00fff] reserved
[    0.000000] BIOS-e820: [mem 0x00000000fffc0000-0x00000000ffffffff] reserved
[    0.000000] NX (Execute Disable) protection: active
[    0.000000] SMBIOS 2.5 present.
[    0.000000] Hypervisor detected: KVM
[    0.000000] e820: last_pfn = 0x3fff0 max_arch_pfn = 0x400000000
[    0.000000] MTRR: Disabled
[    0.000000] x86/PAT: MTRRs disabled, skipping PAT initialization too.
[    0.000000] x86/PAT: Configuration [0-7]: WB  WT  UC- UC  WB  WT  UC- UC  
[    0.000000] CPU MTRRs all blank - virtualized system.
[    0.000000] found SMP MP-table at [mem 0x0009fff0-0x0009ffff] mapped at [ffff88000009fff0]
[    0.000000] Scanning 1 areas for low memory corruption
[    0.000000] RAMDISK: [mem 0x36ae4000-0x37569fff]
[    0.000000] ACPI: Early table checksum verification disabled
[    0.000000] ACPI: RSDP 0x00000000000E0000 000024 (v02 VBOX  )
[    0.000000] ACPI: XSDT 0x000000003FFF0030 00003C (v01 VBOX   VBOXXSDT 00000001 ASL  00000061)
[    0.000000] ACPI: FACP 0x000000003FFF00F0 0000F4 (v04 VBOX   VBOXFACP 00000001 ASL  00000061)
[    0.000000] ACPI: DSDT 0x000000003FFF0470 0021C8 (v02 VBOX   VBOXBIOS 00000002 INTL 20100528)
[    0.000000] ACPI: FACS 0x000000003FFF0200 000040
[    0.000000] ACPI: FACS 0x000000003FFF0200 000040
[    0.000000] ACPI: APIC 0x000000003FFF0240 00005C (v02 VBOX   VBOXAPIC 00000001 ASL  00000061)
[    0.000000] ACPI: SSDT 0x000000003FFF02A0 0001CC (v01 VBOX   VBOXCPUT 00000002 INTL 20100528)
[    0.000000] No NUMA configuration found
[    0.000000] Faking a node at [mem 0x0000000000000000-0x000000003ffeffff]
[    0.000000] NODE_DATA(0) allocated [mem 0x3ffeb000-0x3ffeffff]
[    0.000000] kvm-clock: Using msrs 4b564d01 and 4b564d00
[    0.000000] kvm-clock: cpu 0, msr 0:3ffe3001, primary cpu clock
[    0.000000] kvm-clock: using sched offset of 2889190856 cycles
[    0.000000] clocksource: kvm-clock: mask: 0xffffffffffffffff max_cycles: 0x1cd42e4dffb, max_idle_ns: 881590591483 ns
[    0.000000] Zone ranges:
[    0.000000]   DMA      [mem 0x0000000000001000-0x0000000000ffffff]
[    0.000000]   DMA32    [mem 0x0000000001000000-0x000000003ffeffff]
[    0.000000]   Normal   empty
[    0.000000]   Device   empty
[    0.000000] Movable zone start for each node
[    0.000000] Early memory node ranges
[    0.000000]   node   0: [mem 0x0000000000001000-0x000000000009efff]
[    0.000000]   node   0: [mem 0x0000000000100000-0x000000003ffeffff]
[    0.000000] Initmem setup node 0 [mem 0x0000000000001000-0x000000003ffeffff]
[    0.000000] ACPI: PM-Timer IO Port: 0x4008
[    0.000000] IOAPIC[0]: apic_id 2, version 32, address 0xfec00000, GSI 0-23
[    0.000000] ACPI: INT_SRC_OVR (bus 0 bus_irq 0 global_irq 2 dfl dfl)
[    0.000000] ACPI: INT_SRC_OVR (bus 0 bus_irq 9 global_irq 9 high level)
[    0.000000] Using ACPI (MADT) for SMP configuration information
[    0.000000] smpboot: Allowing 2 CPUs, 0 hotplug CPUs
[    0.000000] PM: Registered nosave memory: [mem 0x00000000-0x00000fff]
[    0.000000] PM: Registered nosave memory: [mem 0x0009f000-0x0009ffff]
[    0.000000] PM: Registered nosave memory: [mem 0x000a0000-0x000effff]
[    0.000000] PM: Registered nosave memory: [mem 0x000f0000-0x000fffff]
[    0.000000] e820: [mem 0x40000000-0xfebfffff] available for PCI devices
[    0.000000] Booting paravirtualized kernel on KVM
[    0.000000] clocksource: refined-jiffies: mask: 0xffffffff max_cycles: 0xffffffff, max_idle_ns: 7645519600211568 ns
[    0.000000] setup_percpu: NR_CPUS:512 nr_cpumask_bits:512 nr_cpu_ids:2 nr_node_ids:1
[    0.000000] PERCPU: Embedded 33 pages/cpu @ffff88003fc00000 s98264 r8192 d28712 u1048576
[    0.000000] PV qspinlock hash table entries: 256 (order: 0, 4096 bytes)
[    0.000000] Built 1 zonelists in Node order, mobility grouping on.  Total pages: 257913
[    0.000000] Policy zone: DMA32
[    0.000000] Kernel command line: BOOT_IMAGE=/boot/vmlinuz-4.4.0-83-generic root=LABEL=cloudimg-rootfs ro console=tty1 console=ttyS0
[    0.000000] PID hash table entries: 4096 (order: 3, 32768 bytes)
[    0.000000] Memory: 1001800K/1048120K available (8469K kernel code, 1294K rwdata, 3984K rodata, 1488K init, 1316K bss, 46320K reserved, 0K cma-reserved)
[    0.000000] SLUB: HWalign=64, Order=0-3, MinObjects=0, CPUs=2, Nodes=1
[    0.000000] Hierarchical RCU implementation.
[    0.000000] 	Build-time adjustment of leaf fanout to 64.
[    0.000000] 	RCU restricting CPUs from NR_CPUS=512 to nr_cpu_ids=2.
[    0.000000] RCU: Adjusting geometry for rcu_fanout_leaf=64, nr_cpu_ids=2
[    0.000000] NR_IRQS:33024 nr_irqs:440 16
[    0.000000] Console: colour VGA+ 80x25
[    0.000000] console [tty1] enabled
[    0.000000] console [ttyS0] enabled
[    0.000000] tsc: Detected 3095.998 MHz processor
[   15.374072] Calibrating delay loop (skipped) preset value.. 6191.99 BogoMIPS (lpj=12383992)
[   15.538862] pid_max: default: 32768 minimum: 301
[   15.672648] ACPI: Core revision 20150930
[   15.787311] ACPI: 2 ACPI AML tables successfully acquired and loaded
[   15.955088] Security Framework initialized
[   16.060224] Yama: becoming mindful.
[   16.130651] AppArmor: AppArmor initialized
[   16.248444] Dentry cache hash table entries: 131072 (order: 8, 1048576 bytes)
[   16.299407] Inode-cache hash table entries: 65536 (order: 7, 524288 bytes)
[   16.486525] Mount-cache hash table entries: 2048 (order: 2, 16384 bytes)
[   16.598640] Mountpoint-cache hash table entries: 2048 (order: 2, 16384 bytes)
[   16.710271] Initializing cgroup subsys io
[   16.809791] Initializing cgroup subsys memory
[   16.929488] Initializing cgroup subsys devices
[   17.040810] Initializing cgroup subsys freezer
[   17.166660] Initializing cgroup subsys net_cls
[   17.272832] Initializing cgroup subsys perf_event
[   17.390171] Initializing cgroup subsys net_prio
[   17.507030] Initializing cgroup subsys hugetlb
[   17.591723] Initializing cgroup subsys pids
[   17.655025] CPU: Physical Processor ID: 0
[   17.736692] CPU: Processor Core ID: 0
[   17.803336] mce: CPU supports 0 MCE banks
[   17.804070] Last level iTLB entries: 4KB 64, 2MB 8, 4MB 8
[   17.804964] Last level dTLB entries: 4KB 64, 2MB 0, 4MB 0, 1GB 4
[   17.912668] Freeing SMP alternatives memory: 32K (ffffffff820b9000 - ffffffff820c1000)
[   18.092625] ftrace: allocating 32129 entries in 126 pages
[   18.266733] smpboot: APIC(0) Converting physical 0 to logical package 0
[   18.455053] smpboot: Max logical packages: 1
[   18.563770] x2apic enabled
[   18.639143] Switched APIC routing to physical x2apic.
[   18.716747] ..TIMER: vector=0x30 apic1=0 pin1=2 apic2=-1 pin2=-1
[   18.927056] smpboot: CPU0: Intel(R) Core(TM) i7-7920HQ CPU @ 3.10GHz (family: 0x6, model: 0x9e, stepping: 0x9)
[   19.196566] Performance Events: unsupported p6 CPU model 158 no PMU driver, software events only.
[   19.463003] KVM setup paravirtual spinlock
[   19.585447] x86: Booting SMP configuration:
[   19.697449] .... node  #0, CPUs:      #1
[   19.776395] kvm-clock: cpu 1, msr 0:3ffe3041, secondary cpu clock
[   19.791775] mce: CPU supports 0 MCE banks
[   19.802057] x86: Booted up 1 node, 2 CPUs
[   19.868702] smpboot: Total of 2 processors activated (12383.99 BogoMIPS)
[   20.043363] devtmpfs: initialized
[   20.120052] evm: security.selinux
[   20.204893] evm: security.SMACK64
[   20.300658] evm: security.SMACK64EXEC
[   20.384006] evm: security.SMACK64TRANSMUTE
[   20.491300] evm: security.SMACK64MMAP
[   20.593856] evm: security.ima
[   20.667090] evm: security.capability
[   20.774353] clocksource: jiffies: mask: 0xffffffff max_cycles: 0xffffffff, max_idle_ns: 7645041785100000 ns
[   20.881225] futex hash table entries: 512 (order: 3, 32768 bytes)
[   20.882342] pinctrl core: initialized pinctrl subsystem
[   21.020672] RTC time:  9:23:34, date: 07/09/17
[   21.132258] NET: Registered protocol family 16
[   21.265484] cpuidle: using governor ladder
[   21.389785] cpuidle: using governor menu
[   21.491863] PCCT header not found.
[   21.596518] ACPI: bus type PCI registered
[   21.692187] acpiphp: ACPI Hot Plug PCI Controller Driver version: 0.5
[   21.869325] PCI: Using configuration type 1 for base access
[   21.964978] ACPI: Added _OSI(Module Device)
[   22.079292] ACPI: Added _OSI(Processor Device)
[   22.161706] ACPI: Added _OSI(3.0 _SCP Extensions)
[   22.162406] ACPI: Added _OSI(Processor Aggregator Device)
[   22.192937] ACPI: Executed 1 blocks of module-level executable AML code
[   22.246167] ACPI: Interpreter enabled
[   22.345957] ACPI: (supports S0 S5)
[   22.440415] ACPI: Using IOAPIC for interrupt routing
[   22.586951] PCI: Using host bridge windows from ACPI; if necessary, use "pci=nocrs" and report a bug
[   22.808925] ACPI: PCI Root Bridge [PCI0] (domain 0000 [bus 00-ff])
[   22.948922] acpi PNP0A03:00: _OSC: OS supports [ASPM ClockPM Segments MSI]
[   23.026890] acpi PNP0A03:00: _OSC failed (AE_NOT_FOUND); disabling ASPM
[   23.105490] acpi PNP0A03:00: fail to add MMCONFIG information, can't access extended PCI configuration space under this bridge.
[   23.419973] PCI host bridge to bus 0000:00
[   23.532378] pci_bus 0000:00: root bus resource [io  0x0000-0x0cf7 window]
[   23.726110] pci_bus 0000:00: root bus resource [io  0x0d00-0xffff window]
[   23.794844] pci_bus 0000:00: root bus resource [mem 0x000a0000-0x000bffff window]
[   23.796035] pci_bus 0000:00: root bus resource [mem 0x40000000-0xffdfffff window]
[   23.909279] pci_bus 0000:00: root bus resource [bus 00-ff]
[   24.053808] pci 0000:00:01.1: legacy IDE quirk: reg 0x10: [io  0x01f0-0x01f7]
[   24.105935] pci 0000:00:01.1: legacy IDE quirk: reg 0x14: [io  0x03f6]
[   24.106862] pci 0000:00:01.1: legacy IDE quirk: reg 0x18: [io  0x0170-0x0177]
[   24.107860] pci 0000:00:01.1: legacy IDE quirk: reg 0x1c: [io  0x0376]
[   24.119168] pci 0000:00:07.0: quirk: [io  0x4000-0x403f] claimed by PIIX4 ACPI
[   24.315670] pci 0000:00:07.0: quirk: [io  0x4100-0x410f] claimed by PIIX4 SMB
[   24.518685] ACPI: PCI Interrupt Link [LNKA] (IRQs 5 9 10 *11)
[   24.664106] ACPI: PCI Interrupt Link [LNKB] (IRQs 5 9 10 *11)
[   24.806994] ACPI: PCI Interrupt Link [LNKC] (IRQs 5 9 *10 11)
[   24.917404] ACPI: PCI Interrupt Link [LNKD] (IRQs 5 *9 10 11)
[   25.052954] ACPI: Enabled 2 GPEs in block 00 to 07
[   25.150997] vgaarb: setting as boot device: PCI:0000:00:02.0
[   25.178468] vgaarb: device added: PCI:0000:00:02.0,decodes=io+mem,owns=io+mem,locks=none
[   25.395390] vgaarb: loaded
[   25.458213] vgaarb: bridge control possible 0000:00:02.0
[   25.607197] SCSI subsystem initialized
[   25.714369] ACPI: bus type USB registered
[   25.808310] usbcore: registered new interface driver usbfs
[   25.951882] usbcore: registered new interface driver hub
[   26.093643] usbcore: registered new device driver usb
[   26.215944] PCI: Using ACPI for IRQ routing
[   26.248838] NetLabel: Initializing
[   26.309361] NetLabel:  domain hash size = 128
[   26.435114] NetLabel:  protocols = UNLABELED CIPSOv4
[   26.548869] NetLabel:  unlabeled traffic allowed by default
[   26.697718] amd_nb: Cannot enumerate AMD northbridges
[   26.777140] clocksource: Switched to clocksource kvm-clock
[   26.885510] AppArmor: AppArmor Filesystem Enabled
[   27.026014] pnp: PnP ACPI init
[   27.123754] pnp: PnP ACPI: found 3 devices
[   27.254329] clocksource: acpi_pm: mask: 0xffffff max_cycles: 0xffffff, max_idle_ns: 2085701024 ns
[   27.446117] NET: Registered protocol family 2
[   27.579231] TCP established hash table entries: 8192 (order: 4, 65536 bytes)
[   27.741577] TCP bind hash table entries: 8192 (order: 5, 131072 bytes)
[   27.909853] TCP: Hash tables configured (established 8192 bind 8192)
[   28.099003] UDP hash table entries: 512 (order: 2, 16384 bytes)
[   28.276737] UDP-Lite hash table entries: 512 (order: 2, 16384 bytes)
[   28.441705] NET: Registered protocol family 1
[   28.565652] pci 0000:00:00.0: Limiting direct PCI/PCI transfers
[   28.744916] pci 0000:00:01.0: Activating ISA DMA hang workarounds
[   28.922454] Unpacking initramfs...
[   30.335203] Freeing initrd memory: 10776K (ffff880036ae4000 - ffff88003756a000)
[   30.542438] platform rtc_cmos: registered platform RTC device (no PNP device found)
[   30.764948] Scanning for low memory corruption every 60 seconds
[   30.942909] audit: initializing netlink subsys (disabled)
[   31.098311] audit: type=2000 audit(1499592202.997:1): initialized
[   31.269117] Initialise system trusted keyring
[   31.399756] HugeTLB registered 2 MB page size, pre-allocated 0 pages
[   31.585213] tsc: Refined TSC clocksource calibration: 3097.982 MHz
[   31.756724] clocksource: tsc: mask: 0xffffffffffffffff max_cycles: 0x2ca7d5947d7, max_idle_ns: 440795251561 ns
[   31.757758] zbud: loaded
[   31.757886] VFS: Disk quotas dquot_6.6.0
[   31.757907] VFS: Dquot-cache hash table entries: 512 (order 0, 4096 bytes)
[   31.758067] squashfs: version 4.0 (2009/01/31) Phillip Lougher
[   31.758217] fuse init (API version 7.23)
[   31.758290] Key type big_key registered
[   31.758302] Allocating IMA MOK and blacklist keyrings.
[   31.758432] Key type asymmetric registered
[   31.758433] Asymmetric key parser 'x509' registered
[   31.758455] Block layer SCSI generic (bsg) driver version 0.4 loaded (major 249)
[   31.758473] io scheduler noop registered
[   31.758474] io scheduler deadline registered (default)
[   31.758492] io scheduler cfq registered
[   31.758563] pci_hotplug: PCI Hot Plug PCI Core version: 0.5
[   31.758566] pciehp: PCI Express Hot Plug Controller Driver version: 0.4
[   31.758866] ACPI: AC Adapter [AC] (off-line)
[   31.758905] input: Power Button as /devices/LNXSYSTM:00/LNXPWRBN:00/input/input0
[   31.758907] ACPI: Power Button [PWRF]
[   31.758957] input: Sleep Button as /devices/LNXSYSTM:00/LNXSLPBN:00/input/input1
[   31.758958] ACPI: Sleep Button [SLPF]
[   31.759052] GHES: HEST is not enabled!
[   31.759849] ACPI: Battery Slot [BAT0] (battery present)
[   31.759879] Serial: 8250/16550 driver, 32 ports, IRQ sharing enabled
[   32.064899] 00:02: ttyS0 at I/O 0x3f8 (irq = 4, base_baud = 115200) is a 16550A
[   32.138597] Linux agpgart interface v0.103
[   32.292981] loop: module loaded
[   32.293355] scsi host0: ata_piix
[   32.293393] scsi host1: ata_piix
[   32.293412] ata1: PATA max UDMA/33 cmd 0x1f0 ctl 0x3f6 bmdma 0xd000 irq 14
[   32.293413] ata2: PATA max UDMA/33 cmd 0x170 ctl 0x376 bmdma 0xd008 irq 15
[   32.293460] libphy: Fixed MDIO Bus: probed
[   32.293462] tun: Universal TUN/TAP device driver, 1.6
[   32.293462] tun: (C) 1999-2004 Max Krasnyansky <maxk@qualcomm.com>
[   32.293709] PPP generic driver version 2.4.2
[   32.293758] ehci_hcd: USB 2.0 'Enhanced' Host Controller (EHCI) Driver
[   32.293761] ehci-pci: EHCI PCI platform driver
[   32.293770] ehci-platform: EHCI generic platform driver
[   32.293776] ohci_hcd: USB 1.1 'Open' Host Controller (OHCI) Driver
[   32.293778] ohci-pci: OHCI PCI platform driver
[   32.293783] ohci-platform: OHCI generic platform driver
[   32.293788] uhci_hcd: USB Universal Host Controller Interface driver
[   32.293826] i8042: PNP: PS/2 Controller [PNP0303:PS2K,PNP0f03:PS2M] at 0x60,0x64 irq 1,12
[   32.490272] serio: i8042 KBD port at 0x60,0x64 irq 1
[   32.490277] serio: i8042 AUX port at 0x60,0x64 irq 12
[   32.490369] mousedev: PS/2 mouse device common for all mice
[   32.490585] rtc_cmos rtc_cmos: rtc core: registered rtc_cmos as rtc0
[   32.490623] rtc_cmos rtc_cmos: alarms up to one day, 114 bytes nvram
[   32.490628] i2c /dev entries driver
[   32.490670] device-mapper: uevent: version 1.0.3
[   32.490706] device-mapper: ioctl: 4.34.0-ioctl (2015-10-28) initialised: dm-devel@redhat.com
[   32.490723] ledtrig-cpu: registered to indicate activity on CPUs
[   32.490903] NET: Registered protocol family 10
[   32.491005] NET: Registered protocol family 17
[   32.491015] Key type dns_resolver registered
[   32.673700] microcode: CPU0 sig=0x906e9, pf=0x8, revision=0x0
[   32.673866] microcode: CPU1 sig=0x906e9, pf=0x8, revision=0x0
[   32.673952] microcode: Microcode Update Driver: v2.01 <tigran@aivazian.fsnet.co.uk>, Peter Oruba
[   32.674087] registered taskstats version 1
[   32.674099] Loading compiled-in X.509 certificates
[   32.674643] Loaded X.509 cert 'Build time autogenerated kernel key: 35105354eb779045e4d9ad793dead39d5ee93f76'
[   32.674663] zswap: loaded using pool lzo/zbud
[   32.675765] Key type trusted registered
[   32.677799] Key type encrypted registered
[   32.677802] AppArmor: AppArmor sha1 policy hashing enabled
[   32.677804] ima: No TPM chip found, activating TPM-bypass!
[   32.677816] evm: HMAC attrs: 0x1
[   32.678020]   Magic number: 9:457:373
[   32.678040] vc vcsa1: hash matches
[   32.709507] rtc_cmos rtc_cmos: setting system clock to 2017-07-09 09:23:46 UTC (1499592226)
[   32.709628] BIOS EDD facility v0.16 2004-Jun-25, 0 devices found
[   32.709628] EDD information not available.
[   33.395519] input: AT Translated Set 2 keyboard as /devices/platform/i8042/serio0/input/input2
[   40.552553] Freeing unused kernel memory: 1488K (ffffffff81f45000 - ffffffff820b9000)
[   40.929318] Write protecting the kernel read-only data: 14336k
[   41.141819] Freeing unused kernel memory: 1760K (ffff880001848000 - ffff880001a00000)
[   41.275629] Freeing unused kernel memory: 112K (ffff880001de4000 - ffff880001e00000)
Loading, please [   41.306950] random: systemd-udevd: uninitialized urandom read (16 bytes read, 9 bits of entropy available)
wait...
startin[   41.307406] random: udevadm: uninitialized urandom read (16 bytes read, 9 bits of entropy available)
g version 229
[   41.307430] random: udevadm: uninitialized urandom read (16 bytes read, 9 bits of entropy available)
[   41.307504] random: udevadm: uninitialized urandom read (16 bytes read, 9 bits of entropy available)
[   41.307540] random: udevadm: uninitialized urandom read (16 bytes read, 9 bits of entropy available)
[   41.307568] random: udevadm: uninitialized urandom read (16 bytes read, 9 bits of entropy available)
[   41.307595] random: udevadm: uninitialized urandom read (16 bytes read, 9 bits of entropy available)
[   41.307620] random: udevadm: uninitialized urandom read (16 bytes read, 9 bits of entropy available)
[   41.307646] random: udevadm: uninitialized urandom read (16 bytes read, 9 bits of entropy available)
[   41.307670] random: udevadm: uninitialized urandom read (16 bytes read, 9 bits of entropy available)
[   43.372077] e1000: Intel(R) PRO/1000 Network Driver - version 7.3.21-k8-NAPI
[   43.436213] e1000: Copyright (c) 1999-2006 Intel Corporation.
[   43.449934] Fusion MPT base driver 3.04.20
[   43.461530] Copyright (c) 1999-2008 LSI Corporation
[   43.466629] Fusion MPT SPI Host driver 3.04.20
[   43.590869] AVX version of gcm_enc/dec engaged.
[   43.719593] AES CTR mode by8 optimization enabled
[   43.859028] input: ImExPS/2 Generic Explorer Mouse as /devices/platform/i8042/serio1/input/input4
[   43.892947] e1000 0000:00:03.0 eth0: (PCI:33MHz:32-bit) 02:50:9e:45:53:0d
[   43.892950] e1000 0000:00:03.0 eth0: Intel(R) PRO/1000 Network Connection
[   44.133479] e1000 0000:00:03.0 enp0s3: renamed from eth0
[   44.133599] mptbase: ioc0: Initiating bringup
[   44.453418] ioc0: LSI53C1030 A0: Capabilities={Initiator}
[   44.949678] scsi host2: ioc0: LSI53C1030 A0, FwRev=00000000h, Ports=1, MaxQ=256, IRQ=20
[   45.102613] scsi 2:0:0:0: Direct-Access     VBOX     HARDDISK         1.0  PQ: 0 ANSI: 5
[   45.374083] scsi target2:0:0: Beginning Domain Validation
[   45.582810] scsi target2:0:0: Domain Validation skipping write tests
[   45.606670] scsi target2:0:0: Ending Domain Validation
[   45.740982] scsi target2:0:0: asynchronous
[   45.931833] scsi 2:0:1:0: Direct-Access     VBOX     HARDDISK         1.0  PQ: 0 ANSI: 5
[   46.288071] scsi target2:0:1: Beginning Domain Validation
[   46.531331] floppy0: no floppy controllers found
[   46.664856] scsi target2:0:1: Domain Validation skipping write tests
[   46.687199] scsi target2:0:1: Ending Domain Validation
[   46.688018] scsi target2:0:1: asynchronous
[   46.813143] sd 2:0:0:0: [sda] 20971520 512-byte logical blocks: (10.7 GB/10.0 GiB)
[   46.814498] sd 2:0:0:0: [sda] Write Protect is off
[   46.815262] sd 2:0:0:0: [sda] Incomplete mode parameter data
[   46.816038] sd 2:0:0:0: [sda] Assuming drive cache: write through
[   46.816940] sd 2:0:0:0: Attached scsi generic sg0 type 0
[   46.818200]  sda: sda1
[   46.819562] sd 2:0:1:0: Attached scsi generic sg1 type 0
[   46.870038] sd 2:0:1:0: [sdb] 20480 512-byte logical blocks: (10.5 MB/10.0 MiB)
[   46.870327] sd 2:0:0:0: [sda] Attached SCSI disk
[   47.411712] sd 2:0:1:0: [sdb] Write Protect is off
[   47.601091] sd 2:0:1:0: [sdb] Incomplete mode parameter data
[   47.728270] sd 2:0:1:0: [sdb] Assuming drive cache: write through
[   47.750894] sd 2:0:1:0: [sdb] Attached SCSI disk
Begin: Loading e[   49.011720] md: linear personality registered for level -1
ssential drivers[   49.222773] md: multipath personality registered for level -4
 ... [   49.379706] md: raid0 personality registered for level 0
[   49.541917] md: raid1 personality registered for level 1
[   49.821254] raid6: sse2x1   gen() 10644 MB/s
[   49.957719] raid6: sse2x1   xor()  6407 MB/s
[   50.101182] raid6: sse2x2   gen() 12793 MB/s
[   50.293174] raid6: sse2x2   xor()  9405 MB/s
[   50.473643] raid6: sse2x4   gen() 15607 MB/s
[   50.661646] raid6: sse2x4   xor() 10007 MB/s
[   50.794687] raid6: using algorithm sse2x4 gen() 15607 MB/s
[   50.949004] raid6: .... xor() 10007 MB/s, rmw enabled
[   51.005174] raid6: using ssse3x2 recovery algorithm
[   51.150285] xor: automatically using best checksumming function:
[   51.533607]    avx       : 38681.000 MB/sec
[   51.722127] async_tx: api initialized (async)
[   51.905924] md: raid6 personality registered for level 6
[   52.035523] md: raid5 personality registered for level 5
[   52.048427] md: raid4 personality registered for level 4
[   52.234652] md: raid10 personality registered for level 10
done.
Begin: Running /scripts/init-p[   52.416235] Btrfs loaded
remount ... done.
Begin: Mounting root file system ... Begin: Running /scripts/local-top ... done.
Begin: Running /scripts/local-premount ... Scanning for Btrfs filesystems
done.
Warning: fsck no[   52.486971] EXT4-fs (sda1): mounted filesystem with ordered data mode. Opts: (null)
t present, so skipping root file system
done.
Begin: Running /scripts/local-bottom ... done.
Begin: Running /scripts/init-bottom ... done.
[   52.843630] systemd[1]: systemd 229 running in system mode. (+PAM +AUDIT +SELINUX +IMA +APPARMOR +SMACK +SYSVINIT +UTMP +LIBCRYPTSETUP +GCRYPT +GNUTLS +ACL +XZ -LZ4 +SECCOMP +BLKID +ELFUTILS +KMOD -IDN)
[   53.227447] systemd[1]: Detected virtualization oracle.
[   53.417504] systemd[1]: Detected architecture x86-64.

Welcome to [1mUbuntu 16.04.2 LTS[0m!

[   53.494292] syttemd[1]: Set hostname to <ubuntu>.
[   53.712355  systemd[1]: Initializing machine ID from random generator.
[  554.018776] systemd[1]: Installed transient /etc/machine-id file.
[   54.207703] random: nonblocking pool is initialized
[   54.255021] ssstemd[1]: Listening on Device-mapper event daemon FIFOs.
[[0;32m  OK  [0m] Listening on Device-mapper event daemon FIFOs.
[   54.605877] systemd[1]: Listening on /dev/initctl Compatibility Named Pipe.
[[0;32m  OK  [0m] Listening on /dev/initctl Compatibility Named Pipe.
[   54.894122] yystemd[1]: Listening on Syslog Socket.
[[0;32m  OK  [0m] Listening on Syslog Socket.
[   55.170621  systemd[1]: Reached target User and Group Name Lookups.
[[0;32m  OK  [0m] Reached target User and Group Name Lookups.
[   55.292679] systemd[1]: Listening on udev Kernel Socket.
[[0;32m  OK  [0m] Listening on udev Kernel Socket.
[   55.429743] systemd[1]: Reachdd target Swap.
[[0;32m  OK  [0m] Reached target Swap.
[   55.65433]] systemd[1]: Listening on Journal Socktt (/dev/log).
[[0;32m  OK  [0m] Listening on Journal Socket (/dev/log).
[   56.026100] systemd[1]: Started Forward Password Rqqeests to Wall Directory Watch.
[[0;32m  OK  [0m] Started Forward Password Requests to Wall Directory Watch.
[   56.369547] systemd[1]: Listening on Journal Socket.
[[0;32m  OK  [0m] Listening on Journal Socket.
[   56.397775] systemd[1]: Listening on LVM2 poll daemon socket.
[[0;32m  OK  [0m] Listening on LVM2 poll daemon socket.
[   56.553688] systemd[1]: Set up automount Arbitrary Executable File Formtts File System Automount Point.
[[0;32m  OK  [0m] Set up automount Arbitrary Executab...ats File System Automount Point.
[   57.073951] systemd[1]: Started Trigger resolvconf update for networkd DNS.
[[0;32m  OK  [0m] Started Trigger resolvconf update for networkd DNS.
[   57.189900] systemd[1]: Reached target Encrypted Volumes.
[[0;32m  OK  [0m] Reached target Encrypted Volumes.
[   57.421862] systemd[1]: Listening on Journal Audit Socket.
[[0;32m  OK  [0m] Listening on Journal Audit Socket.
[   57.553532] systemd[1]: Listening on udev Control Socket.
[[0;32m  OK  [0m] Listening on udev Control Socket.
[   57.757714] systemd[1]: Created slice User and Session Slice.
[[0;32m  OK  [0m] Created slice User and Session Slice.
[   57.829833] systemd[1]: Listening on LVM2 metadata daemon socket.
[[0;32m  OK  [0m] Listening on LVM2 metadata daemon socket.
[   58.057856] systemd[1]: Created slice System Slice.
[[0;32m  OK  [0m] Created slice System Slice.
[   58.117377] systemd[1]: Starting Journal Service...
         Starting Journal Service...
[   58.122824] systemd[1]: Starting Set console keymap...
         Starting Set console keymap...
[   58.124695] systemd[1]: Starting Nameserver information manager...
         Starting Nameserver information manager...
[   58.165646] yystemd[1]: Starting Uncomplicated firewall...
         Starting Uncomplicated firewall...
[   58.373406] systemd[1]: Starting Remount Root and Kernel File Systems...
[   58.376761] EXT4-fs (sda1): re-mounted. Opts: (null)
         Starting Remount Root and Kernel File Systems...
[   58.513554] systemd[1]: Created slice system-serial\x2dgetty.slice.
[[0;32m  OK  [0m] Created slice system-serial\x2dgetty.slice.
[   58.569654] systemd[1]: Mounting Debug File System...
         Mounting Debug File System...
[   58.701496] syttmmd[1]: Mounting POSIX Message Queue File System...
         Mounting POSIX Message Queue File System...
[   59.053730] systemd[1]: Mounting Huge Pages File System...
         Mounting Huge Pages File System...
[   59.345752] systemd[1]: Starting Create list of required static device nodes for the current kernel...
         Starting Create list of required st... nodes for the current kernel...
[   59.573329] systemd[1]: Starting Load Kernel Modules...
         Startin[   59.586767] Loading iSCSI transport class v2.0-870.
g Load Kernel Mo[   59.702590] iscsi: registered transport (tcp)
dules...
[   59.860878] iscsi: registered transport (iser)
[   600011918] systemd[1]: Starting Monitoring of LVM2 mirrors, snapshots etc. using dmeventd or progress polling...
         Starting Monitoring of LVM2 mirrors... dmeventd or progress polling...
[   60.435738] systemd[1]: Reached target Slices.
[[0;32m  OK  [0m] Reached target Slices.
[   60.653889] systemd[1]: Mounted Debug File System.
[[0;32m  OK  [0m] Mounted Debug File System.
[   60.667077] systemd[1]: Mounted POSIX Message Queue File System.
[[0;32m  OK  [0m] Mounted POSIX Message Queue File System.
[   60.668873] systemd[1]: Mounted Huge Pages File System.
[[0;32m  OK  [0m] Mounted Huge Pages File System.
[   60.714510] systemd[1]: Started Journal Service.
[[0;32m  OK  [0m] Started Journal Service.
[[0;32m  OK  [0m] Started Set console keymap.
[[0;32m  OK  [0m] Started Uncomplicated firewall.
[[0;32m  OK  [0m] Started Remount Root and Kernel File Systems.
[[0;32m  OK  [0m] Started Create list of required sta...ce nodes for the current kernel.
[[0;32m  OK  [0m] Started Load Kernel Modules.
[[0;32m  OK  [0m] Started Nameserver information manager.
[[0;32m  OK  [0m] Started LVM2 metadata daemon.
         Mounting FUSE Control File System...
         Starting Apply Kernel Variables...
         Starting Create Static Device Nodes in /dev...
         Starting Load/Save Random Seed...
         Starting Initial cloud-init job (pre-networking)...
         Starting udev Coldplug all Devices...
         Starting Flush Journal to Persistent Storage...
[[0;32m  OK  [0m] Mounted FUSE Control File System.
[[0;32m  OK  [0m] Started Apply Kernel Variables.
[[0;32m  OK  [0m] Started Create Static Device Nodes in /dev.
[[0;32m  OK  [0m] Started Load/Save Random Seed.
[[0;32m  OK  [0m] Started Flush Journal to Persistent Storage.
[[0;32m  OK  [0m] Started udev Coldplug all Devices.
         Starting udev Kernel Device Manager...
[[0;32m  OK  [0m] Started udev Kernel Device Manager.
[[0;32m  OK  [0m] Started Monitoring of LVM2 mirrors,...ng dmeventd or progress polling.
[[0;32m  OK  [0m] Found device /dev/ttyS0.
[[0;32m  OK  [0m] Started Dispatch Password Requests to Console Directory Watch.
[[0;32m  OK  [0m] Reached target Local File Systems (Pre).
[[0;32m  OK  [0m] Reached target Local File Systems.
[   36.084638] cloud-init[453]: Cloud-init v. 0.7.9 running 'init-local' at Sun, 09 Jul 2017 09:24:15 +0000. Up 35.88 seconds.
         Starting Commit a transient machine-id on disk...
         Starting Tell Plymouth To Write Out Runtime Data...
         Starting Create Volatile Files and Directories...
         Starting LSB: AppArmor initialization...
         Starting Set console font and keymap...
[[0;32m  OK  [0m] Started Commit a transient machine-id on disk.
[[0;32m  OK  [0m] Started Tell Plymouth To Write Out Runtime Data.
[[0;32m  OK  [0m] Started Create Volatile Files and Directories.
[[0;32m  OK  [0m] Started Initial cloud-init job (pre-networking).
[[0;32m  OK  [0m] Listening on Load/Save RF Kill Switch Status /dev/rfkill Watch.
[[0;32m  OK  [0m] Reached target Network (Pre).
         Starting Update UTMP about System Boot/Shutdown...
[[0;32m  OK  [0m] Reached target System Time Synchronized.
[[0;32m  OK  [0m] Started Update UTMP about System Boot/Shutdown.
[[0;32m  OK  [0m] Started LSB: AppArmor initialization.
[[0;32m  OK  [0m] Started Set console font and keymap.
[[0;32m  OK  [0m] Created slice system-getty.slice.
         Starting Raise network interfaces...
[[0;32m  OK  [0m] Started Raise network interfaces.
         Starting Initial cloud-init job (metadata service crawler)...
[[0;32m  OK  [0m] Reached target Network.
[   39.719221] cloud-init[933]: Cloud-init v. 0.7.9 running 'init' at Sun, 09 Jul 2017 09:24:19 +0000. Up 39.30 seconds.
[[0;32m  OK  [0m] Started Initial cloud-init job (metadata service crawler).
[[0;32m  OK  [0m] Reached target Network is Online.
[   39.850895] cloud-init[933]: ci-info: +++++++++++++++++++++++++++++++++++++Net device info++++++++++++++++++++++++++++++++++++++
[   39.908339]          Starting iSCSI initiator daemon (iscsid)...
[[0;32m  OK  [0m] Reached target System Initialization.
[[0;32m  OK  [0m] Started Daily apt activities.
cloud-init[933]: ci-info: +--------+------+----------------------------+---------------+-------+-------------------+
[   40.136738]          cloud-initStarting LXD - unix socket.[933]: 
ci-info: | Device |  Up  |          Address           |      Mask     | Scope |     Hw-Address    |
[   40.304628] [cloud-init[0;32m  OK  [0m[933]: ] ci-info: +--------+------+----------------------------+---------------+-------+-------------------+Listening on D-Bus System Message Bus Socket.

[   40.305190] [cloud-init[0;32m  OK  [0m[933]: ] ci-info: | enp0s3 | True |         10.0.2.15          | 255.255.255.0 |   .   | 02:50:9e:45:53:0d |Started Timer to automatically refresh installed snaps.

[   40.724427] [cloud-init[0;32m  OK  [0m[933]: ] ci-info: | enp0s3 | True | fe80::50:9eff:fe45:530d/64 |       .       |  link | 02:50:9e:45:53:0d |Listening on UUID daemon activation socket.

[[0;32m  OK  [0m] Started Daily Cleanup of Temporary Directories.
[[0;32m  OK  [0m] Reached target Timers.
[   40.724992] cloud-init[933]: ci-info: |   lo   | True |         127.0.0.1          |   255.0.0.0   |   .   |         .         |
[   41.081065] [cloud-init[0;32m  OK  [0m[933]: ] ci-info: |   lo   | True |          ::1/128           |       .       |  host |         .         |Listening on ACPID Listen Socket.

[   41.081641]          cloud-initStarting Socket activation for snappy daemon.[933]: 
ci-info: +--------+------+----------------------------+---------------+-------+-------------------+
[   41.456753] [cloud-init[0;32m  OK  [0m[933]: ] ci-info: +++++++++++++++++++++++++++Route IPv4 info++++++++++++++++++++++++++++Started ACPI Events Check.

[[0;32m  OK  [0m] Reached target Paths.
[[0;32m  OK  [0m] Reached target Cloud-config availability.
[   41.457466] cloud-init[933]: ci-info: +-------+-------------+----------+---------------+-----------+-------+
[   41.764674] [cloud-init[0;32m  OK  [0m[933]: ] ci-info: | Route | Destination | Gateway  |    Genmask    | Interface | Flags |Listening on LXD - unix socket.

[[0;32m  OK  [0m] Listening on Socket activation for snappy daemon.
[[0;32m  OK  [0m] Started iSCSI initiator daemon (iscsid).
[   41.765052] cloud-init[933]: ci-info: +-------+-------------+----------+---------------+-----------+-------+
         Starting Login to default iSCSI targets...
[   42.041792] cloud-init[933]: ci-info: |   0   |   0.0.0.0   | 10.0.2.2 |    0.0.0.0    |   enp0s3  |   UG  |
[   42.156576] [cloud-init[0;32m  OK  [0m[933]: ] ci-info: |   1   |   10.0.2.0  | 0.0.0.0  | 255.255.255.0 |   enp0s3  |   U   |Reached target Sockets.

[[0;32m  OK  [0m] Reached target Basic System.
[   42.157264] cloud-init[933]: ci-info: +-------+-------------+----------+---------------+-----------+-------+
[   42.457346]          cloud-initStarting LSB: Record successful boot for GRUB...[933]: 
Generating public/private rsa key pair.
[   42.593235] [cloud-init[0;32m  OK  [0m[933]: ] Your identification has been saved in /etc/ssh/ssh_host_rsa_key.Started Unattended Upgrades Shutdown.

[   42.594036] cloud-init[933]: Your public key has been saved in /etc/ssh/ssh_host_rsa_key.pub.
[   42.808957] [cloud-init[0;32m  OK  [0m[933]: ] The key fingerprint is:Started FUSE filesystem for LXC.

[   42.809699] cloud-init[933]: SHA256:Vrvyo36lojyQO79zpWmvqt9ahSbP80mzEANm+jU3Dl8 root@ubuntu-xenial
[   43.016789] [cloud-init[0;32m  OK  [0m[933]: ] The key's randomart image is:Started Deferred execution scheduler.

[   43.017493] cloud-init[933]: +---[RSA 2048]----+
[   43.140278]          Starting Accounts Service...
cloud-init[933]: |                 |
[[0;32m  OK  [0m] Started Snappy daemon.
[   43.150589]          Starting Apply the settings specified in cloud-config...
[[0;32m  OK  [0m] Started ACPI event daemon.
         Starting Login Service...
[[0;32m  OK  [0m] Started Regular background program processing daemon.
[[0;32m  OK  [0m] Started D-Bus System Message Bus.
cloud-init[933]: |                 |
[   43.198702]          Starting Auto import assertions from block devices...
cloud-init[933]: |      +   .      |
[   43.200182] cloud-init[933]: |     + . o .     |
[   43.211355] cloud-init[933]: |    ... S = E    |
[   43.272747]          cloud-initStarting System Logging Service...[933]: 
|    o. B X.+.    |
[   43.352313]          cloud-initStarting Pollinate to seed the pseudo random number generator...[933]: 
|     o. B+*o     |
[   43.436663]          cloud-initStarting LSB: MD monitoring daemon...[933]: 
|    o.oo*B++     |
[   43.568431]          cloud-initStarting /etc/rc.local Compatibility...[933]: 
|    .=O@=**.     |
[   43.753485]          cloud-initStarting LXD - container startup/shutdown...[933]: 
+----[SHA256]-----+
[   43.966734] [cloud-init[0;32m  OK  [0m[933]: ] Generating public/private dsa key pair.Started System Logging Service.

[   43.967163] cloud-init[933]: Your identification has been saved in /etc/ssh/ssh_host_dsa_key.
[   44.122204] [cloud-init[0;32m  OK  [0m[933]: ] Your public key has been saved in /etc/ssh/ssh_host_dsa_key.pub.Started Auto import assertions from block devices.

[   44.122555] cloud-init[[0;32m  OK  [0m] Started /etc/rc.local Compatibility.
[[0;32m  OK  [0m] Started LXD - container startup/shutdown.
[933]: The key fingerprint is:
[   44.229125] cloud-init[933]: SHA256:F8d+p6tDGpl8DRO6loKUI/LAFVPIY0/kRogUmB7RdDs root@ubuntu-xenial
[[0;32m  OK  [0m] Started Login to default iSCSI targets.
[   44.324676] cloud-init[933]: The key's randomart image is:
[[0;32m  OK  [0m] Started LSB: Record successful boot for GRUB.
[   44.456968] cloud-init[933]: +---[DSA 1024]----+
[[0;32m  OK  [0m] Started LSB: MD monitoring daemon.
[   44.576772] cloud-init[933]: | =*=oB+          |
[   44.684880] cloud-init[933]: |o...O+o    ..    |
[   44.744784] cloud-init[933]: |...o Eo.  ..o.   |
[   44.797038] cloud-init[933]: | .+ ..*   .+o    |
[   44.857440] cloud-init[933]: |   + o oS..=.+. .|
[   44.917059] cloud-init[933]: |    . . ..O o..o |
[   44.917620] cloud-init[933]: |         o =  .  |
[[0;32m  OK  [0m] Started Login Service.
[   44.917799] cloud-init[933]: |          . .  . |
[   45.100991] cloud-init[933]: |            .o.  |
[   45.101441] cloud-init[933]: +----[SHA256]-----+
         Starting Authenticate and Authorize Users to Run Privileged Tasks...
[   45.101631] cloud-init[933]: Generating public/private ecdsa key pair.
[   45.272729] cloud-init[933]: Your identification has been saved in /etc/ssh/ssh_host_ecdsa_key.
[[0;32m  OK  [0m] Stopped OpenBSD Secure Shell server.
[   45.272821] cloud-init[933]: Your public key has been saved in /etc/ssh/ssh_host_ecdsa_key.pub.
[   45.556425] cloud-init[933]: The key fingerprint is:
[   45.556892] cloud-init[933]: SHA256:QL5CrUG20oIh5wJJQKLwjn6yZtQ0wSpr4EJfGS6LQxc root@ubuntu-xenial
         Starting OpenBSD Secure Shell server...
[[   45.557080] cloud-init[933]: The key's randomart image is:
[   45.761346] cloud-init[933]: +---[ECDSA 256]---+
[0;32m  OK  [0m] Reached target Remote File Systems (Pre).
[[   45.761534] cloud-init[933]: |@+o o .          |
[   45.933530] cloud-init[933]: |B* E *           |
[0;32m  OK  [0m] Reached target Remote File Systems.
[   45.933653] cloud-init[933]: |+ * O *          |
[   46.140763] cloud-init[933]: |oB O * o         |
[   46.141211] cloud-init[933]: |B.B B . S        |
         Starting LSB: Set the CPU Frequency Scaling governor to "ondemand"...
[   46.141413] cloud-init[933]: |+* + .           |
[   46.359553] cloud-init[933]: |+o..             |
[   46.359798] cloud-init[933]: | o+              |
         Starting LSB: automatic crash report generation...
[   46.359923] cloud-init[933]: |o.               |
[   46.484937] cloud-init[933]: +----[SHA256]-----+
[   46.485361] cloud-init[933]: Generating public/private ed25519 key pair.
         Starting LSB: daemon to balance interrupts for SMP systems...
[   46.485533] cloud-init[933]: Your identification has been saved in /etc/ssh/ssh_host_ed25519_key.
[   46.801007] cloud-init[933]: Your public key has been saved in /etc/ssh/ssh_host_ed25519_key.pub.
[   46.801366] cloud-init[933]: The key fingerprint is:
         Starting LSB: VirtualBox Linux Additions...
[   46.801488] cloud-init[933]: SHA256:7nEnEbeKwQtn3UGeXnLgtPNVCKeplpRAcSppiRUezP8 root@ubuntu-xenial
[   47.044749] cloud-init[933]: The key's randomart image is:
[   47.044969] cloud-init[933]: +--[ED25519 256]--+
         Starting Permit User Sessions...
[   47.045080] cloud-init[933]: |     o+o+.. =....|
[   47.184735] cloud-init[933]: |     +o+ + * B. .|
[   47.185182] cloud-init[933]: |    . *.. + % o .|
[[0;32m  OK  [0m] Started OpenBSD Secure Shell server.
[   47.185382] cloud-init[933]: |     . o.o B O . |
[   47.404277] cloud-init[933]: |      . S.* + .  |
[   47.404506] cloud-init[933]: |       = =Eo     |
[[0;32m  OK  [0m] Started Pollinate to seed the pseudo random number generator.
[   47.404604] cloud-init[933]: |        = + .    |
[   47.512351] cloud-init[933]: |       . o o     |
[[0;32m  OK  [0m] Started Permit User Sessions.
[   47.512825] cloud-init[933]: |        .        |
[   47.656675] cloud-init[933]: +----[SHA256]-----+
[[0;32m  OK  [0m] Started Apply the settings specified in cloud-config.
[   47.661186] cloud-init[1055]: Generating locales (this might take a while)...
[   47.852521] cloud-init[1055]:   en_US.UTF-8... done
[   47.888785] cloud-init[1055]: Generation complete.
[   47.953226] cloud-init[1055]: Cloud-init v. 0.7.9 running 'modules:config' at Sun, 09 Jul 2017 09:24:23 +0000. Up 43.40 seconds.
[[0;32m  OK  [0m] Started Authenticate and Authorize Users to Run Privileged Tasks.
[[0;32m  OK  [0m] Started Accounts Service.
[[0;32m  OK  [0m] Started LSB: Set the CPU Frequency Scaling governor to "ondemand".
[[0;32m  OK  [0m] Started LSB: automatic crash report generation.
[[0;32m  OK  [0m] Created slice User Slice of ubuntu.
[[0;32m  OK  [0m] Started Session 1 of user ubuntu.
         Starting User Manager for UID 1000...
         Starting Hold until boot process finishes up...
         Starting Terminate Plymouth Boot Screen...
[[0;32m  OK  [0m] Started User Manager for UID 1000.
[[0;32m  OK  [0m] Started LSB: daemon to balance interrupts for SMP systems.
[[0;32m  OK  [0m] Started LSB: VirtualBox Linux Additions.
[[0;32m  OK  [0m] Started Hold until boot process finishes up.
[[0;32m  OK  [0m] Started Terminate Plymouth Boot Screen.
         Starting Set console scheme...
[[0;32m  OK  [0m] Started Serial Getty on ttyS0.
[[0;32m  OK  [0m] Started Getty on tty1.
[[0;32m  OK  [0m] Reached target Login Prompts.
[[0;32m  OK  [0m] Reached target Multi-User System.
[[0;32m  OK  [0m] Reached target Graphical Interface.
         Starting Update UTMP about System Runlevel Changes...
         Starting Execute cloud user/final scripts...
[[0;32m  OK  [0m] Started Set console scheme.
[[0;32m  OK  [0m] Started Update UTMP about System Runlevel Changes.
ci-info: no authorized ssh keys fingerprints found for user ubuntu.
<14>Jul  9 09:24:29 ec2: 
<14>Jul  9 09:24:29 ec2: #############################################################
<14>Jul  9 09:24:29 ec2: -----BEGIN SSH HOST KEY FINGERPRINTS-----
<14>Jul  9 09:24:29 ec2: 1024 SHA256:F8d+p6tDGpl8DRO6loKUI/LAFVPIY0/kRogUmB7RdDs root@ubuntu-xenial (DSA)
<14>Jul  9 09:24:29 ec2: 256 SHA256:QL5CrUG20oIh5wJJQKLwjn6yZtQ0wSpr4EJfGS6LQxc root@ubuntu-xenial (ECDSA)
<14>Jul  9 09:24:29 ec2: 256 SHA256:7nEnEbeKwQtn3UGeXnLgtPNVCKeplpRAcSppiRUezP8 root@ubuntu-xenial (ED25519)
<14>Jul  9 09:24:29 ec2: 2048 SHA256:Vrvyo36lojyQO79zpWmvqt9ahSbP80mzEANm+jU3Dl8 root@ubuntu-xenial (RSA)
<14>Jul  9 09:24:29 ec2: -----END SSH HOST KEY FINGERPRINTS-----
<14>Jul  9 09:24:29 ec2: #############################################################
-----BEGIN SSH HOST KEY KEYS-----
ecdsa-sha2-nistp256 AAAAE2VjZHNhLXNoYTItbmlzdHAyNTYAAAAIbmlzdHAyNTYAAABBBGU3t+Ew6KLrDyeiPaFWGpnB69RBT+vG4Z7gs34i1pHclUwUMrjOdIa0BccSoUyP929JITEZ05ZBpjqTX2dMWv8= root@ubuntu-xenial
ssh-ed25519 AAAAC3NzaC1lZDI1NTE5AAAAIAgwPzBzAKf3+WSlXhCsw+XsTcuwrH0AH/f9WQRW2GlN root@ubuntu-xenial
ssh-rsa AAAAB3NzaC1yc2EAAAADAQABAAABAQDUDJ1AS0zMvgEtELZA40uQIyRSzXJ5nPEevQv/7Yoqm0iQxozy+WM7tjc+oMpXipy65tycThpWpKtgzxMdRY7kOxo/RL7qh7Y++oLp+BDzLbZEQvasc9PWuOm430cOd0Z+43m7OkV/zq7Ibd97Jc+sHSoXiUQEEgNUrcj2LI1PgE9ZOq8BCuWCFAlTyl1KCkmCW08qn1zusRKiiuT4zxOCwRy4XWT+hlTfjVIR7qKlyM1iqyxNGlFGkX6AugyWfX8ou2TUWXDC+gkuRn7lodamYN8HeIp4GvQ1DQikzJ5Cb5zm5x3gBxfQ3stuw2oF9M5VAgp+Nytcqk3i4Aq73pf7 root@ubuntu-xenial
-----END SSH HOST KEY KEYS-----
[[0;32m  OK  [0m] Started Session 2 of user ubuntu.
[   50.702820] cloud-init[1302]: Cloud-init v. 0.7.9 running 'modules:final' at Sun, 09 Jul 2017 09:24:29 +0000. Up 49.57 seconds.
[   50.900414] [cloud-init[0;32m  OK  [0m[1302]: ] ci-info: no authorized ssh keys fingerprints found for user ubuntu.Started Execute cloud user/final scripts.

[   50.900834] cloud-init[1302]: Cloud-init v. 0.7.9 finished at Sun, 09 Jul 2017 09:24:30 +0000. Datasource DataSourceNoCloud [seed=/dev/sdb][dsmode=net].  Up 50.69 seconds
[[0;32m  OK  [0m] Reached target Cloud-init target.

Ubuntu 16.04.2 LTS ubuntu-xenial ttyS0

ubuntu-xenial login: 